[debug] [2025-09-12T01:55:34.253Z] ----------------------------------------------------------------------
[debug] [2025-09-12T01:55:34.255Z] Command:       C:\nvm4w\nodejs\node.exe C:\Users\sdij\AppData\Roaming\npm\node_modules\firebase-tools\lib\bin\firebase.js deploy --only hosting
[debug] [2025-09-12T01:55:34.255Z] CLI Version:   14.12.0
[debug] [2025-09-12T01:55:34.255Z] Platform:      win32
[debug] [2025-09-12T01:55:34.258Z] Node Version:  v24.2.0
[debug] [2025-09-12T01:55:34.259Z] Time:          Fri Sep 12 2025 10:55:34 GMT+0900 (대한민국 표준시)
[debug] [2025-09-12T01:55:34.259Z] ----------------------------------------------------------------------
[debug] 
[debug] [2025-09-12T01:55:34.371Z] > command requires scopes: ["email","openid","https://www.googleapis.com/auth/cloudplatformprojects.readonly","https://www.googleapis.com/auth/firebase","https://www.googleapis.com/auth/cloud-platform"]
[debug] [2025-09-12T01:55:34.371Z] > authorizing via signed-in user (jh200210@rulemakers.co.kr)
[debug] [2025-09-12T01:55:34.371Z] [iam] checking project rmcheck-4e79c for permissions ["firebase.projects.get","firebasehosting.sites.update"]
[debug] [2025-09-12T01:55:34.372Z] Checked if tokens are valid: true, expires at: 1757645636426
[debug] [2025-09-12T01:55:34.372Z] Checked if tokens are valid: true, expires at: 1757645636426
[debug] [2025-09-12T01:55:34.373Z] >>> [apiv2][query] POST https://cloudresourcemanager.googleapis.com/v1/projects/rmcheck-4e79c:testIamPermissions [none]
[debug] [2025-09-12T01:55:34.373Z] >>> [apiv2][(partial)header] POST https://cloudresourcemanager.googleapis.com/v1/projects/rmcheck-4e79c:testIamPermissions x-goog-quota-user=projects/rmcheck-4e79c
[debug] [2025-09-12T01:55:34.373Z] >>> [apiv2][body] POST https://cloudresourcemanager.googleapis.com/v1/projects/rmcheck-4e79c:testIamPermissions {"permissions":["firebase.projects.get","firebasehosting.sites.update"]}
[debug] [2025-09-12T01:55:34.627Z] <<< [apiv2][status] POST https://cloudresourcemanager.googleapis.com/v1/projects/rmcheck-4e79c:testIamPermissions 200
[debug] [2025-09-12T01:55:34.628Z] <<< [apiv2][body] POST https://cloudresourcemanager.googleapis.com/v1/projects/rmcheck-4e79c:testIamPermissions {"permissions":["firebase.projects.get","firebasehosting.sites.update"]}
[debug] [2025-09-12T01:55:34.628Z] Checked if tokens are valid: true, expires at: 1757645636426
[debug] [2025-09-12T01:55:34.628Z] Checked if tokens are valid: true, expires at: 1757645636426
[debug] [2025-09-12T01:55:34.628Z] >>> [apiv2][query] GET https://firebase.googleapis.com/v1beta1/projects/rmcheck-4e79c [none]
[debug] [2025-09-12T01:55:35.059Z] <<< [apiv2][status] GET https://firebase.googleapis.com/v1beta1/projects/rmcheck-4e79c 200
[debug] [2025-09-12T01:55:35.059Z] <<< [apiv2][body] GET https://firebase.googleapis.com/v1beta1/projects/rmcheck-4e79c {"projectId":"rmcheck-4e79c","projectNumber":"1081522017302","displayName":"RMCHECK","name":"projects/rmcheck-4e79c","resources":{"hostingSite":"rmcheck-4e79c"},"state":"ACTIVE","etag":"1_13c89fb5-7c44-4379-b5e3-de01203d7451"}
[debug] [2025-09-12T01:55:36.675Z] defaultcredentials: writing to file C:\Users\sdij\AppData\Roaming\firebase\jh200210_rulemakers_co.kr_application_default_credentials.json
[debug] [2025-09-12T01:55:36.676Z] Checked if tokens are valid: true, expires at: 1757645636426
[debug] [2025-09-12T01:55:36.676Z] Checked if tokens are valid: true, expires at: 1757645636426
[debug] [2025-09-12T01:55:36.676Z] >>> [apiv2][query] GET https://firebasehosting.googleapis.com/v1beta1/projects/rmcheck-4e79c/sites pageToken=&pageSize=10
[debug] [2025-09-12T01:55:37.477Z] <<< [apiv2][status] GET https://firebasehosting.googleapis.com/v1beta1/projects/rmcheck-4e79c/sites 200
[debug] [2025-09-12T01:55:37.477Z] <<< [apiv2][body] GET https://firebasehosting.googleapis.com/v1beta1/projects/rmcheck-4e79c/sites {"sites":[{"name":"projects/rmcheck-4e79c/sites/rmacademy-admin","defaultUrl":"https://rmacademy-admin.web.app","type":"USER_SITE"},{"name":"projects/rmcheck-4e79c/sites/rmcheck-4e79c","defaultUrl":"https://rmcheck-4e79c.web.app","appId":"1:1081522017302:web:b7bd3e0436a05c92c29137","type":"DEFAULT_SITE"},{"name":"projects/rmcheck-4e79c/sites/rulemakers-app-admin","defaultUrl":"https://rulemakers-app-admin.web.app","type":"USER_SITE"}]}
[debug] [2025-09-12T01:55:37.478Z] Checked if tokens are valid: true, expires at: 1757645636426
[debug] [2025-09-12T01:55:37.478Z] Checked if tokens are valid: true, expires at: 1757645636426
[debug] [2025-09-12T01:55:37.478Z] >>> [apiv2][query] GET https://firebase.googleapis.com/v1beta1/projects/-/webApps/1:1081522017302:web:b7bd3e0436a05c92c29137/config [none]
[debug] [2025-09-12T01:55:38.364Z] <<< [apiv2][status] GET https://firebase.googleapis.com/v1beta1/projects/-/webApps/1:1081522017302:web:b7bd3e0436a05c92c29137/config 200
[debug] [2025-09-12T01:55:38.364Z] <<< [apiv2][body] GET https://firebase.googleapis.com/v1beta1/projects/-/webApps/1:1081522017302:web:b7bd3e0436a05c92c29137/config {"projectId":"rmcheck-4e79c","appId":"1:1081522017302:web:b7bd3e0436a05c92c29137","storageBucket":"rmcheck-4e79c.firebasestorage.app","apiKey":"AIzaSyC5SUu7e-aNUfgBEeEoXEwjONknWKhbtBI","authDomain":"rmcheck-4e79c.firebaseapp.com","messagingSenderId":"1081522017302","measurementId":"G-WT99DTVQW7"}
[info] 
   Thank you for trying our early preview of Next.js support on Firebase Hosting.
   During the preview, support is best-effort and breaking changes can be expected. Proceed with caution.
   The integration is known to work with Next.js version 12 - 15.0. You may encounter errors.

   Documentation: https://firebase.google.com/docs/hosting/frameworks/nextjs
   File a bug: https://github.com/firebase/firebase-tools/issues/new?template=bug_report.md
   Submit a feature request: https://github.com/firebase/firebase-tools/issues/new?template=feature_request.md

   We'd love to learn from you. Express your interest in helping us shape the future of Firebase Hosting: https://goo.gle/41enW5X

[debug] [2025-09-12T01:55:42.544Z] Checked if tokens are valid: true, expires at: 1757645636426
[debug] [2025-09-12T01:55:42.544Z] Checked if tokens are valid: true, expires at: 1757645636426
[debug] [2025-09-12T01:55:42.545Z] >>> [apiv2][query] GET https://firebasehosting.googleapis.com/v1beta1/projects/rmcheck-4e79c/sites/rmcheck-4e79c [none]
[debug] [2025-09-12T01:55:43.037Z] <<< [apiv2][status] GET https://firebasehosting.googleapis.com/v1beta1/projects/rmcheck-4e79c/sites/rmcheck-4e79c 200
[debug] [2025-09-12T01:55:43.038Z] <<< [apiv2][body] GET https://firebasehosting.googleapis.com/v1beta1/projects/rmcheck-4e79c/sites/rmcheck-4e79c {"name":"projects/rmcheck-4e79c/sites/rmcheck-4e79c","defaultUrl":"https://rmcheck-4e79c.web.app","appId":"1:1081522017302:web:b7bd3e0436a05c92c29137","type":"DEFAULT_SITE"}
[info]    ▲ Next.js 15.5.2

[info] 

[info]    Creating an optimized production build ...

[info]  ✓ Compiled successfully in 16.5s

[info]    Skipping linting

[info]    Checking validity of types ...

[info] Failed to compile.


[info] ./functions/src/index.ts:8:19
Type error: Cannot find module 'axios' or its corresponding type declarations.

   6 | import { getAuth } from "firebase-admin/auth";
   7 | import { getFirestore, FieldPath, FieldValue } from "firebase-admin/firestore";
>  8 | import axios from "axios";
     |                   ^
   9 | import { onDocumentCreated, onDocumentDeleted } from "firebase-functions/v2/firestore";
  10 |
  11 | // Firebase Admin SDK 초기화

[info] Next.js build worker exited with code: 1 and signal: null

[debug] [2025-09-12T01:56:07.454Z] Error: ENOENT: no such file or directory, open 'c:\rulemakers-app\.next\export-marker.json'
[error] 
[error] Error: An unexpected error has occurred.
[debug] [2025-09-12T02:03:05.597Z] ----------------------------------------------------------------------
[debug] [2025-09-12T02:03:05.599Z] Command:       C:\nvm4w\nodejs\node.exe C:\Users\sdij\AppData\Roaming\npm\node_modules\firebase-tools\lib\bin\firebase.js deploy --only hosting
[debug] [2025-09-12T02:03:05.599Z] CLI Version:   14.12.0
[debug] [2025-09-12T02:03:05.599Z] Platform:      win32
[debug] [2025-09-12T02:03:05.599Z] Node Version:  v24.2.0
[debug] [2025-09-12T02:03:05.599Z] Time:          Fri Sep 12 2025 11:03:05 GMT+0900 (대한민국 표준시)
[debug] [2025-09-12T02:03:05.599Z] ----------------------------------------------------------------------
[debug] 
[debug] [2025-09-12T02:03:05.716Z] > command requires scopes: ["email","openid","https://www.googleapis.com/auth/cloudplatformprojects.readonly","https://www.googleapis.com/auth/firebase","https://www.googleapis.com/auth/cloud-platform"]
[debug] [2025-09-12T02:03:05.716Z] > authorizing via signed-in user (jh200210@rulemakers.co.kr)
[debug] [2025-09-12T02:03:05.716Z] [iam] checking project rmcheck-4e79c for permissions ["firebase.projects.get","firebasehosting.sites.update"]
[debug] [2025-09-12T02:03:05.718Z] Checked if tokens are valid: true, expires at: 1757645636426
[debug] [2025-09-12T02:03:05.718Z] Checked if tokens are valid: true, expires at: 1757645636426
[debug] [2025-09-12T02:03:05.719Z] >>> [apiv2][query] POST https://cloudresourcemanager.googleapis.com/v1/projects/rmcheck-4e79c:testIamPermissions [none]
[debug] [2025-09-12T02:03:05.719Z] >>> [apiv2][(partial)header] POST https://cloudresourcemanager.googleapis.com/v1/projects/rmcheck-4e79c:testIamPermissions x-goog-quota-user=projects/rmcheck-4e79c
[debug] [2025-09-12T02:03:05.719Z] >>> [apiv2][body] POST https://cloudresourcemanager.googleapis.com/v1/projects/rmcheck-4e79c:testIamPermissions {"permissions":["firebase.projects.get","firebasehosting.sites.update"]}
[debug] [2025-09-12T02:03:05.979Z] <<< [apiv2][status] POST https://cloudresourcemanager.googleapis.com/v1/projects/rmcheck-4e79c:testIamPermissions 200
[debug] [2025-09-12T02:03:05.979Z] <<< [apiv2][body] POST https://cloudresourcemanager.googleapis.com/v1/projects/rmcheck-4e79c:testIamPermissions {"permissions":["firebase.projects.get","firebasehosting.sites.update"]}
[debug] [2025-09-12T02:03:05.979Z] Checked if tokens are valid: true, expires at: 1757645636426
[debug] [2025-09-12T02:03:05.979Z] Checked if tokens are valid: true, expires at: 1757645636426
[debug] [2025-09-12T02:03:05.979Z] >>> [apiv2][query] GET https://firebase.googleapis.com/v1beta1/projects/rmcheck-4e79c [none]
[debug] [2025-09-12T02:03:06.487Z] <<< [apiv2][status] GET https://firebase.googleapis.com/v1beta1/projects/rmcheck-4e79c 200
[debug] [2025-09-12T02:03:06.487Z] <<< [apiv2][body] GET https://firebase.googleapis.com/v1beta1/projects/rmcheck-4e79c {"projectId":"rmcheck-4e79c","projectNumber":"1081522017302","displayName":"RMCHECK","name":"projects/rmcheck-4e79c","resources":{"hostingSite":"rmcheck-4e79c"},"state":"ACTIVE","etag":"1_13c89fb5-7c44-4379-b5e3-de01203d7451"}
[debug] [2025-09-12T02:03:08.246Z] defaultcredentials: writing to file C:\Users\sdij\AppData\Roaming\firebase\jh200210_rulemakers_co.kr_application_default_credentials.json
[debug] [2025-09-12T02:03:08.246Z] Checked if tokens are valid: true, expires at: 1757645636426
[debug] [2025-09-12T02:03:08.247Z] Checked if tokens are valid: true, expires at: 1757645636426
[debug] [2025-09-12T02:03:08.247Z] >>> [apiv2][query] GET https://firebasehosting.googleapis.com/v1beta1/projects/rmcheck-4e79c/sites pageToken=&pageSize=10
[debug] [2025-09-12T02:03:09.084Z] <<< [apiv2][status] GET https://firebasehosting.googleapis.com/v1beta1/projects/rmcheck-4e79c/sites 200
[debug] [2025-09-12T02:03:09.084Z] <<< [apiv2][body] GET https://firebasehosting.googleapis.com/v1beta1/projects/rmcheck-4e79c/sites {"sites":[{"name":"projects/rmcheck-4e79c/sites/rmacademy-admin","defaultUrl":"https://rmacademy-admin.web.app","type":"USER_SITE"},{"name":"projects/rmcheck-4e79c/sites/rmcheck-4e79c","defaultUrl":"https://rmcheck-4e79c.web.app","appId":"1:1081522017302:web:b7bd3e0436a05c92c29137","type":"DEFAULT_SITE"},{"name":"projects/rmcheck-4e79c/sites/rulemakers-app-admin","defaultUrl":"https://rulemakers-app-admin.web.app","type":"USER_SITE"}]}
[debug] [2025-09-12T02:03:09.085Z] Checked if tokens are valid: true, expires at: 1757645636426
[debug] [2025-09-12T02:03:09.085Z] Checked if tokens are valid: true, expires at: 1757645636426
[debug] [2025-09-12T02:03:09.085Z] >>> [apiv2][query] GET https://firebase.googleapis.com/v1beta1/projects/-/webApps/1:1081522017302:web:b7bd3e0436a05c92c29137/config [none]
[debug] [2025-09-12T02:03:09.917Z] <<< [apiv2][status] GET https://firebase.googleapis.com/v1beta1/projects/-/webApps/1:1081522017302:web:b7bd3e0436a05c92c29137/config 200
[debug] [2025-09-12T02:03:09.917Z] <<< [apiv2][body] GET https://firebase.googleapis.com/v1beta1/projects/-/webApps/1:1081522017302:web:b7bd3e0436a05c92c29137/config {"projectId":"rmcheck-4e79c","appId":"1:1081522017302:web:b7bd3e0436a05c92c29137","storageBucket":"rmcheck-4e79c.firebasestorage.app","apiKey":"AIzaSyC5SUu7e-aNUfgBEeEoXEwjONknWKhbtBI","authDomain":"rmcheck-4e79c.firebaseapp.com","messagingSenderId":"1081522017302","measurementId":"G-WT99DTVQW7"}
[info] 
   Thank you for trying our early preview of Next.js support on Firebase Hosting.
   During the preview, support is best-effort and breaking changes can be expected. Proceed with caution.
   The integration is known to work with Next.js version 12 - 15.0. You may encounter errors.

   Documentation: https://firebase.google.com/docs/hosting/frameworks/nextjs
   File a bug: https://github.com/firebase/firebase-tools/issues/new?template=bug_report.md
   Submit a feature request: https://github.com/firebase/firebase-tools/issues/new?template=feature_request.md

   We'd love to learn from you. Express your interest in helping us shape the future of Firebase Hosting: https://goo.gle/41enW5X

[debug] [2025-09-12T02:03:13.545Z] Checked if tokens are valid: true, expires at: 1757645636426
[debug] [2025-09-12T02:03:13.545Z] Checked if tokens are valid: true, expires at: 1757645636426
[debug] [2025-09-12T02:03:13.545Z] >>> [apiv2][query] GET https://firebasehosting.googleapis.com/v1beta1/projects/rmcheck-4e79c/sites/rmcheck-4e79c [none]
[debug] [2025-09-12T02:03:14.051Z] <<< [apiv2][status] GET https://firebasehosting.googleapis.com/v1beta1/projects/rmcheck-4e79c/sites/rmcheck-4e79c 200
[debug] [2025-09-12T02:03:14.051Z] <<< [apiv2][body] GET https://firebasehosting.googleapis.com/v1beta1/projects/rmcheck-4e79c/sites/rmcheck-4e79c {"name":"projects/rmcheck-4e79c/sites/rmcheck-4e79c","defaultUrl":"https://rmcheck-4e79c.web.app","appId":"1:1081522017302:web:b7bd3e0436a05c92c29137","type":"DEFAULT_SITE"}
[info]    ▲ Next.js 15.5.2

[info] 

[info]    Creating an optimized production build ...

[info]  ✓ Compiled successfully in 3.3s

[info]    Skipping linting

[info]    Checking validity of types ...

[info] Failed to compile.


[info] ./src/components/QuizView.tsx:108:5
Type error: Type 'number' is not assignable to type 'string'.

  106 | 				questionIds: questions.map(q => q.id),
  107 | 				answers: finalAnswers,
> 108 | 				score,
      | 				^
  109 | 				mainChapter: mainChapter || '종합',
  110 | 				createdAt: Timestamp.now(),
  111 | 				isDeleted: false,

[info] Next.js build worker exited with code: 1 and signal: null

[debug] [2025-09-12T02:03:23.935Z] Error: ENOENT: no such file or directory, open 'c:\rulemakers-app\.next\export-marker.json'
[error] 
[error] Error: An unexpected error has occurred.
[debug] [2025-09-12T02:07:22.156Z] ----------------------------------------------------------------------
[debug] [2025-09-12T02:07:22.158Z] Command:       C:\nvm4w\nodejs\node.exe C:\Users\sdij\AppData\Roaming\npm\node_modules\firebase-tools\lib\bin\firebase.js deploy --only hosting
[debug] [2025-09-12T02:07:22.158Z] CLI Version:   14.12.0
[debug] [2025-09-12T02:07:22.158Z] Platform:      win32
[debug] [2025-09-12T02:07:22.158Z] Node Version:  v24.2.0
[debug] [2025-09-12T02:07:22.158Z] Time:          Fri Sep 12 2025 11:07:22 GMT+0900 (대한민국 표준시)
[debug] [2025-09-12T02:07:22.158Z] ----------------------------------------------------------------------
[debug] 
[debug] [2025-09-12T02:07:22.267Z] > command requires scopes: ["email","openid","https://www.googleapis.com/auth/cloudplatformprojects.readonly","https://www.googleapis.com/auth/firebase","https://www.googleapis.com/auth/cloud-platform"]
[debug] [2025-09-12T02:07:22.267Z] > authorizing via signed-in user (jh200210@rulemakers.co.kr)
[debug] [2025-09-12T02:07:22.267Z] [iam] checking project rmcheck-4e79c for permissions ["firebase.projects.get","firebasehosting.sites.update"]
[debug] [2025-09-12T02:07:22.268Z] Checked if tokens are valid: true, expires at: 1757645636426
[debug] [2025-09-12T02:07:22.268Z] Checked if tokens are valid: true, expires at: 1757645636426
[debug] [2025-09-12T02:07:22.268Z] >>> [apiv2][query] POST https://cloudresourcemanager.googleapis.com/v1/projects/rmcheck-4e79c:testIamPermissions [none]
[debug] [2025-09-12T02:07:22.268Z] >>> [apiv2][(partial)header] POST https://cloudresourcemanager.googleapis.com/v1/projects/rmcheck-4e79c:testIamPermissions x-goog-quota-user=projects/rmcheck-4e79c
[debug] [2025-09-12T02:07:22.268Z] >>> [apiv2][body] POST https://cloudresourcemanager.googleapis.com/v1/projects/rmcheck-4e79c:testIamPermissions {"permissions":["firebase.projects.get","firebasehosting.sites.update"]}
[debug] [2025-09-12T02:07:22.572Z] <<< [apiv2][status] POST https://cloudresourcemanager.googleapis.com/v1/projects/rmcheck-4e79c:testIamPermissions 200
[debug] [2025-09-12T02:07:22.572Z] <<< [apiv2][body] POST https://cloudresourcemanager.googleapis.com/v1/projects/rmcheck-4e79c:testIamPermissions {"permissions":["firebase.projects.get","firebasehosting.sites.update"]}
[debug] [2025-09-12T02:07:22.572Z] Checked if tokens are valid: true, expires at: 1757645636426
[debug] [2025-09-12T02:07:22.572Z] Checked if tokens are valid: true, expires at: 1757645636426
[debug] [2025-09-12T02:07:22.572Z] >>> [apiv2][query] GET https://firebase.googleapis.com/v1beta1/projects/rmcheck-4e79c [none]
[debug] [2025-09-12T02:07:22.980Z] <<< [apiv2][status] GET https://firebase.googleapis.com/v1beta1/projects/rmcheck-4e79c 200
[debug] [2025-09-12T02:07:22.980Z] <<< [apiv2][body] GET https://firebase.googleapis.com/v1beta1/projects/rmcheck-4e79c {"projectId":"rmcheck-4e79c","projectNumber":"1081522017302","displayName":"RMCHECK","name":"projects/rmcheck-4e79c","resources":{"hostingSite":"rmcheck-4e79c"},"state":"ACTIVE","etag":"1_13c89fb5-7c44-4379-b5e3-de01203d7451"}
[debug] [2025-09-12T02:07:24.437Z] defaultcredentials: writing to file C:\Users\sdij\AppData\Roaming\firebase\jh200210_rulemakers_co.kr_application_default_credentials.json
[debug] [2025-09-12T02:07:24.438Z] Checked if tokens are valid: true, expires at: 1757645636426
[debug] [2025-09-12T02:07:24.438Z] Checked if tokens are valid: true, expires at: 1757645636426
[debug] [2025-09-12T02:07:24.439Z] >>> [apiv2][query] GET https://firebasehosting.googleapis.com/v1beta1/projects/rmcheck-4e79c/sites pageToken=&pageSize=10
[debug] [2025-09-12T02:07:25.222Z] <<< [apiv2][status] GET https://firebasehosting.googleapis.com/v1beta1/projects/rmcheck-4e79c/sites 200
[debug] [2025-09-12T02:07:25.222Z] <<< [apiv2][body] GET https://firebasehosting.googleapis.com/v1beta1/projects/rmcheck-4e79c/sites {"sites":[{"name":"projects/rmcheck-4e79c/sites/rmacademy-admin","defaultUrl":"https://rmacademy-admin.web.app","type":"USER_SITE"},{"name":"projects/rmcheck-4e79c/sites/rmcheck-4e79c","defaultUrl":"https://rmcheck-4e79c.web.app","appId":"1:1081522017302:web:b7bd3e0436a05c92c29137","type":"DEFAULT_SITE"},{"name":"projects/rmcheck-4e79c/sites/rulemakers-app-admin","defaultUrl":"https://rulemakers-app-admin.web.app","type":"USER_SITE"}]}
[debug] [2025-09-12T02:07:25.222Z] Checked if tokens are valid: true, expires at: 1757645636426
[debug] [2025-09-12T02:07:25.223Z] Checked if tokens are valid: true, expires at: 1757645636426
[debug] [2025-09-12T02:07:25.223Z] >>> [apiv2][query] GET https://firebase.googleapis.com/v1beta1/projects/-/webApps/1:1081522017302:web:b7bd3e0436a05c92c29137/config [none]
[debug] [2025-09-12T02:07:26.027Z] <<< [apiv2][status] GET https://firebase.googleapis.com/v1beta1/projects/-/webApps/1:1081522017302:web:b7bd3e0436a05c92c29137/config 200
[debug] [2025-09-12T02:07:26.027Z] <<< [apiv2][body] GET https://firebase.googleapis.com/v1beta1/projects/-/webApps/1:1081522017302:web:b7bd3e0436a05c92c29137/config {"projectId":"rmcheck-4e79c","appId":"1:1081522017302:web:b7bd3e0436a05c92c29137","storageBucket":"rmcheck-4e79c.firebasestorage.app","apiKey":"AIzaSyC5SUu7e-aNUfgBEeEoXEwjONknWKhbtBI","authDomain":"rmcheck-4e79c.firebaseapp.com","messagingSenderId":"1081522017302","measurementId":"G-WT99DTVQW7"}
[info] 
   Thank you for trying our early preview of Next.js support on Firebase Hosting.
   During the preview, support is best-effort and breaking changes can be expected. Proceed with caution.
   The integration is known to work with Next.js version 12 - 15.0. You may encounter errors.

   Documentation: https://firebase.google.com/docs/hosting/frameworks/nextjs
   File a bug: https://github.com/firebase/firebase-tools/issues/new?template=bug_report.md
   Submit a feature request: https://github.com/firebase/firebase-tools/issues/new?template=feature_request.md

   We'd love to learn from you. Express your interest in helping us shape the future of Firebase Hosting: https://goo.gle/41enW5X

[debug] [2025-09-12T02:07:29.483Z] Checked if tokens are valid: true, expires at: 1757645636426
[debug] [2025-09-12T02:07:29.483Z] Checked if tokens are valid: true, expires at: 1757645636426
[debug] [2025-09-12T02:07:29.483Z] >>> [apiv2][query] GET https://firebasehosting.googleapis.com/v1beta1/projects/rmcheck-4e79c/sites/rmcheck-4e79c [none]
[debug] [2025-09-12T02:07:29.886Z] <<< [apiv2][status] GET https://firebasehosting.googleapis.com/v1beta1/projects/rmcheck-4e79c/sites/rmcheck-4e79c 200
[debug] [2025-09-12T02:07:29.887Z] <<< [apiv2][body] GET https://firebasehosting.googleapis.com/v1beta1/projects/rmcheck-4e79c/sites/rmcheck-4e79c {"name":"projects/rmcheck-4e79c/sites/rmcheck-4e79c","defaultUrl":"https://rmcheck-4e79c.web.app","appId":"1:1081522017302:web:b7bd3e0436a05c92c29137","type":"DEFAULT_SITE"}
[info]    ▲ Next.js 15.5.2

[info] 

[info]    Creating an optimized production build ...

[info]  ✓ Compiled successfully in 3.2s

[info]    Skipping linting

[info]    Checking validity of types ...

[info] Failed to compile.


[info] ./src/hooks/useMyPageData.ts:118:55
Type error: No overload matches this call.
  Overload 1 of 3, '(callbackfn: (previousValue: Submission, currentValue: Submission, currentIndex: number, array: Submission[]) => Submission, initialValue: Submission): Submission', gave the following error.
    Type 'string' is not assignable to type 'Submission'.
  Overload 2 of 3, '(callbackfn: (previousValue: number, currentValue: Submission, currentIndex: number, array: Submission[]) => number, initialValue: number): number', gave the following error.
    Type 'string' is not assignable to type 'number'.

  116 |     const totalSubmissions = submissions.length;
  117 |     const totalProblems = submissions.reduce((acc, s) => acc + s.questionIds.length, 0);
> 118 |     const totalScore = submissions.reduce((acc, s) => acc + s.score, 0);
      |                                                       ^
  119 |     const averageScore = Math.round(totalScore / totalSubmissions);
  120 |
  121 |     const scoreTrend = submissions

[info] Next.js build worker exited with code: 1 and signal: null

[debug] [2025-09-12T02:07:39.892Z] Error: ENOENT: no such file or directory, open 'c:\rulemakers-app\.next\export-marker.json'
[error] 
[error] Error: An unexpected error has occurred.
